<?xml version="1.0" encoding="UTF-8"?>
<!-- Generated by org.testng.reporters.JUnitXMLReporter -->
<testsuite hostname="runTmcThinkpad" name="Default test" tests="4" failures="0" timestamp="16 Aug 2013 16:10:45 GMT" time="0.324" errors="0">
  <testcase name="GetSelectSqlCat" time="0.288" classname="diary.DiaryModellTest"/>
  <testcase name="GetSelectSqlCatCont" time="0.001" classname="diary.DiaryModellTest"/>
  <testcase name="GetSelectSqlCont" time="0.0" classname="diary.DiaryModellTest"/>
  <testcase name="GetSelectSqlEmpty" time="0.0" classname="diary.DiaryModellTest"/>
</testsuite> <!-- Default test -->
