<?xml version="1.0" encoding="UTF-8"?>
<testng-results skipped="0" failed="0" total="4" passed="4">
  <reporter-output>
  </reporter-output>
  <suite name="Default suite" duration-ms="324" started-at="2013-08-16T16:10:45Z" finished-at="2013-08-16T16:10:45Z">
    <groups>
    </groups>
    <test name="Default test" duration-ms="324" started-at="2013-08-16T16:10:45Z" finished-at="2013-08-16T16:10:45Z">
      <class name="diary.DiaryModellTest">
        <test-method status="PASS" signature="GetSelectSqlCat()[pri:0, instance:diary.DiaryModellTest@1cb2d75c]" name="GetSelectSqlCat" duration-ms="288" started-at="2013-08-16T18:10:45Z" finished-at="2013-08-16T18:10:45Z">
          <reporter-output>
          </reporter-output>
        </test-method> <!-- GetSelectSqlCat -->
        <test-method status="PASS" signature="GetSelectSqlCatCont()[pri:0, instance:diary.DiaryModellTest@1cb2d75c]" name="GetSelectSqlCatCont" duration-ms="1" started-at="2013-08-16T18:10:45Z" finished-at="2013-08-16T18:10:45Z">
          <reporter-output>
          </reporter-output>
        </test-method> <!-- GetSelectSqlCatCont -->
        <test-method status="PASS" signature="GetSelectSqlCont()[pri:0, instance:diary.DiaryModellTest@1cb2d75c]" name="GetSelectSqlCont" duration-ms="0" started-at="2013-08-16T18:10:45Z" finished-at="2013-08-16T18:10:45Z">
          <reporter-output>
          </reporter-output>
        </test-method> <!-- GetSelectSqlCont -->
        <test-method status="PASS" signature="GetSelectSqlEmpty()[pri:0, instance:diary.DiaryModellTest@1cb2d75c]" name="GetSelectSqlEmpty" duration-ms="0" started-at="2013-08-16T18:10:45Z" finished-at="2013-08-16T18:10:45Z">
          <reporter-output>
          </reporter-output>
        </test-method> <!-- GetSelectSqlEmpty -->
      </class> <!-- diary.DiaryModellTest -->
    </test> <!-- Default test -->
  </suite> <!-- Default suite -->
</testng-results>
